<?xml version="1.0" encoding="UTF-8"?>
<testsuite name="WordsProviderTest" tests="1" skipped="0" failures="0" errors="0" timestamp="2017-11-06T06:31:23" hostname="AcerAspire" time="0.269">
  <properties/>
  <testcase name="WordProviderGetsWords" classname="WordsProviderTest" time="0.269"/>
  <system-out><![CDATA[]]></system-out>
  <system-err><![CDATA[]]></system-err>
</testsuite>
