<?xml version="1.0" encoding="UTF-8"?>
<testsuite name="WordBreakProblemSolverTest" tests="2" skipped="0" failures="0" errors="0" timestamp="2017-11-06T06:41:22" hostname="AcerAspire" time="0.017">
  <properties/>
  <testcase name="WordBreakProblemTestIsWordBreaked" classname="WordBreakProblemSolverTest" time="0.013"/>
  <testcase name="WordBreakProblemTestGetPositions" classname="WordBreakProblemSolverTest" time="0.003"/>
  <system-out><![CDATA[]]></system-out>
  <system-err><![CDATA[]]></system-err>
</testsuite>
