<?xml version="1.0" encoding="UTF-8"?>
<testsuite name="PrefixTreeTest" tests="2" skipped="0" failures="0" errors="0" timestamp="2017-11-06T06:41:22" hostname="AcerAspire" time="0.008">
  <properties/>
  <testcase name="TestPrefixTreeWordExistsWitNotFullWord" classname="PrefixTreeTest" time="0.008"/>
  <testcase name="TestPrefixTreeInsertion" classname="PrefixTreeTest" time="0.0"/>
  <system-out><![CDATA[]]></system-out>
  <system-err><![CDATA[]]></system-err>
</testsuite>
