<?xml version="1.0" encoding="UTF-8"?>
<testsuite name="WordBreakProblemSolverTest" tests="2" skipped="0" failures="0" errors="0" timestamp="2017-11-06T06:31:23" hostname="AcerAspire" time="0.011">
  <properties/>
  <testcase name="WordBreakProblemTestIsWordBreaked" classname="WordBreakProblemSolverTest" time="0.006"/>
  <testcase name="WordBreakProblemTestGetPositions" classname="WordBreakProblemSolverTest" time="0.004"/>
  <system-out><![CDATA[]]></system-out>
  <system-err><![CDATA[]]></system-err>
</testsuite>
